<?xml version="1.0" encoding="UTF-8"?>
<testng-results skipped="0" failed="3" ignored="0" total="4" passed="1">
  <reporter-output>
    <line>
      <![CDATA[Login Success full]]>
    </line>
    <line>
      <![CDATA[miniSelected Plan for Premium Subscription]]>
    </line>
    <line>
      <![CDATA[daySelected Month is taken for plan]]>
    </line>
    <line>
      <![CDATA[UpiSelected Payment Option is taken for plan]]>
    </line>
    <line>
      <![CDATA[Successfully loggedout]]>
    </line>
  </reporter-output>
  <suite name="Suite" duration-ms="145509" started-at="2021-05-03T21:28:15 IST" finished-at="2021-05-03T21:30:41 IST">
    <groups>
    </groups>
    <test name="Test" duration-ms="145509" started-at="2021-05-03T21:28:15 IST" finished-at="2021-05-03T21:30:41 IST">
      <class name="com.spotify.testscripts.Tc_SpotifyPremium">
        <test-method status="PASS" signature="Setup(java.lang.String,java.lang.String)[pri:0, instance:com.spotify.testscripts.Tc_SpotifyPremium@1d16f93d]" name="Setup" is-config="true" duration-ms="19599" started-at="2021-05-03T21:28:17 IST" finished-at="2021-05-03T21:28:37 IST">
          <params>
            <param index="0">
              <value>
                <![CDATA[edge]]>
              </value>
            </param>
            <param index="1">
              <value>
                <![CDATA[https://www.spotify.com]]>
              </value>
            </param>
          </params>
          <reporter-output>
          </reporter-output>
        </test-method> <!-- Setup -->
        <test-method status="PASS" signature="Soptify(java.lang.String,java.lang.String,java.lang.String,java.lang.String,java.lang.String)[pri:0, instance:com.spotify.testscripts.Tc_SpotifyPremium@1d16f93d]" name="Soptify" duration-ms="52124" started-at="2021-05-03T21:28:37 IST" data-provider="getData" finished-at="2021-05-03T21:29:29 IST">
          <params>
            <param index="0">
              <value>
                <![CDATA[Sabareeshkaveri@gmail.com]]>
              </value>
            </param>
            <param index="1">
              <value>
                <![CDATA[Ammulu.143]]>
              </value>
            </param>
            <param index="2">
              <value>
                <![CDATA[mini]]>
              </value>
            </param>
            <param index="3">
              <value>
                <![CDATA[day]]>
              </value>
            </param>
            <param index="4">
              <value>
                <![CDATA[Upi]]>
              </value>
            </param>
          </params>
          <reporter-output>
            <line>
              <![CDATA[Login Success full]]>
            </line>
            <line>
              <![CDATA[miniSelected Plan for Premium Subscription]]>
            </line>
            <line>
              <![CDATA[daySelected Month is taken for plan]]>
            </line>
            <line>
              <![CDATA[UpiSelected Payment Option is taken for plan]]>
            </line>
            <line>
              <![CDATA[Successfully loggedout]]>
            </line>
          </reporter-output>
        </test-method> <!-- Soptify -->
        <test-method status="PASS" signature="TearDown()[pri:0, instance:com.spotify.testscripts.Tc_SpotifyPremium@1d16f93d]" name="TearDown" is-config="true" duration-ms="886" started-at="2021-05-03T21:29:29 IST" finished-at="2021-05-03T21:29:30 IST">
          <reporter-output>
          </reporter-output>
        </test-method> <!-- TearDown -->
        <test-method status="PASS" signature="Setup(java.lang.String,java.lang.String)[pri:0, instance:com.spotify.testscripts.Tc_SpotifyPremium@1d16f93d]" name="Setup" is-config="true" duration-ms="11472" started-at="2021-05-03T21:29:30 IST" finished-at="2021-05-03T21:29:41 IST">
          <params>
            <param index="0">
              <value>
                <![CDATA[edge]]>
              </value>
            </param>
            <param index="1">
              <value>
                <![CDATA[https://www.spotify.com]]>
              </value>
            </param>
          </params>
          <reporter-output>
          </reporter-output>
        </test-method> <!-- Setup -->
        <test-method status="FAIL" signature="Soptify(java.lang.String,java.lang.String,java.lang.String,java.lang.String,java.lang.String)[pri:0, instance:com.spotify.testscripts.Tc_SpotifyPremium@1d16f93d]" name="Soptify" duration-ms="11099" started-at="2021-05-03T21:29:41 IST" data-provider="getData" finished-at="2021-05-03T21:29:52 IST">
          <params>
            <param index="0">
              <value>
                <![CDATA[Sabareeshkaveri@gmail.com]]>
              </value>
            </param>
            <param index="1">
              <value>
                <![CDATA[Ammulu.144]]>
              </value>
            </param>
            <param index="2">
              <value>
                <![CDATA[mini]]>
              </value>
            </param>
            <param index="3">
              <value>
                <![CDATA[day]]>
              </value>
            </param>
            <param index="4">
              <value>
                <![CDATA[upi]]>
              </value>
            </param>
          </params>
          <exception class="java.lang.AssertionError">
            <message>
              <![CDATA[expected [true] but found [false]]]>
            </message>
            <full-stacktrace>
              <![CDATA[java.lang.AssertionError: expected [true] but found [false]
at org.testng.Assert.fail(Assert.java:99)
at org.testng.Assert.failNotEquals(Assert.java:1037)
at org.testng.Assert.assertTrue(Assert.java:45)
at org.testng.Assert.assertTrue(Assert.java:55)
at com.spotify.testscripts.Tc_SpotifyPremium.Soptify(Tc_SpotifyPremium.java:29)
at sun.reflect.NativeMethodAccessorImpl.invoke0(Native Method)
at sun.reflect.NativeMethodAccessorImpl.invoke(NativeMethodAccessorImpl.java:62)
at sun.reflect.DelegatingMethodAccessorImpl.invoke(DelegatingMethodAccessorImpl.java:43)
at java.lang.reflect.Method.invoke(Method.java:498)
at org.testng.internal.MethodInvocationHelper.invokeMethod(MethodInvocationHelper.java:133)
at org.testng.internal.TestInvoker.invokeMethod(TestInvoker.java:598)
at org.testng.internal.TestInvoker.invokeTestMethod(TestInvoker.java:173)
at org.testng.internal.MethodRunner.runInSequence(MethodRunner.java:46)
at org.testng.internal.TestInvoker$MethodInvocationAgent.invoke(TestInvoker.java:824)
at org.testng.internal.TestInvoker.invokeTestMethods(TestInvoker.java:146)
at org.testng.internal.TestMethodWorker.invokeTestMethods(TestMethodWorker.java:146)
at org.testng.internal.TestMethodWorker.run(TestMethodWorker.java:128)
at java.util.ArrayList.forEach(ArrayList.java:1259)
at org.testng.TestRunner.privateRun(TestRunner.java:794)
at org.testng.TestRunner.run(TestRunner.java:596)
at org.testng.SuiteRunner.runTest(SuiteRunner.java:377)
at org.testng.SuiteRunner.runSequentially(SuiteRunner.java:371)
at org.testng.SuiteRunner.privateRun(SuiteRunner.java:332)
at org.testng.SuiteRunner.run(SuiteRunner.java:276)
at org.testng.SuiteRunnerWorker.runSuite(SuiteRunnerWorker.java:53)
at org.testng.SuiteRunnerWorker.run(SuiteRunnerWorker.java:96)
at org.testng.TestNG.runSuitesSequentially(TestNG.java:1212)
at org.testng.TestNG.runSuitesLocally(TestNG.java:1134)
at org.testng.TestNG.runSuites(TestNG.java:1063)
at org.testng.TestNG.run(TestNG.java:1031)
at org.apache.maven.surefire.testng.TestNGExecutor.run(TestNGExecutor.java:283)
at org.apache.maven.surefire.testng.TestNGXmlTestSuite.execute(TestNGXmlTestSuite.java:75)
at org.apache.maven.surefire.testng.TestNGProvider.invoke(TestNGProvider.java:120)
at org.apache.maven.surefire.booter.ForkedBooter.invokeProviderInSameClassLoader(ForkedBooter.java:384)
at org.apache.maven.surefire.booter.ForkedBooter.runSuitesInProcess(ForkedBooter.java:345)
at org.apache.maven.surefire.booter.ForkedBooter.execute(ForkedBooter.java:126)
at org.apache.maven.surefire.booter.ForkedBooter.main(ForkedBooter.java:418)
]]>
            </full-stacktrace>
          </exception> <!-- java.lang.AssertionError -->
          <reporter-output>
          </reporter-output>
        </test-method> <!-- Soptify -->
        <test-method status="PASS" signature="TearDown()[pri:0, instance:com.spotify.testscripts.Tc_SpotifyPremium@1d16f93d]" name="TearDown" is-config="true" duration-ms="670" started-at="2021-05-03T21:29:52 IST" finished-at="2021-05-03T21:29:53 IST">
          <reporter-output>
          </reporter-output>
        </test-method> <!-- TearDown -->
        <test-method status="PASS" signature="Setup(java.lang.String,java.lang.String)[pri:0, instance:com.spotify.testscripts.Tc_SpotifyPremium@1d16f93d]" name="Setup" is-config="true" duration-ms="15299" started-at="2021-05-03T21:29:53 IST" finished-at="2021-05-03T21:30:08 IST">
          <params>
            <param index="0">
              <value>
                <![CDATA[edge]]>
              </value>
            </param>
            <param index="1">
              <value>
                <![CDATA[https://www.spotify.com]]>
              </value>
            </param>
          </params>
          <reporter-output>
          </reporter-output>
        </test-method> <!-- Setup -->
        <test-method status="FAIL" signature="Soptify(java.lang.String,java.lang.String,java.lang.String,java.lang.String,java.lang.String)[pri:0, instance:com.spotify.testscripts.Tc_SpotifyPremium@1d16f93d]" name="Soptify" duration-ms="10786" started-at="2021-05-03T21:30:08 IST" data-provider="getData" finished-at="2021-05-03T21:30:19 IST">
          <params>
            <param index="0">
              <value>
                <![CDATA[Sabareeshkaveri@gmail.com]]>
              </value>
            </param>
            <param index="1">
              <value>
                <![CDATA[Ammulu.145]]>
              </value>
            </param>
            <param index="2">
              <value>
                <![CDATA[mini]]>
              </value>
            </param>
            <param index="3">
              <value>
                <![CDATA[day]]>
              </value>
            </param>
            <param index="4">
              <value>
                <![CDATA[paytm]]>
              </value>
            </param>
          </params>
          <exception class="java.lang.AssertionError">
            <message>
              <![CDATA[expected [true] but found [false]]]>
            </message>
            <full-stacktrace>
              <![CDATA[java.lang.AssertionError: expected [true] but found [false]
at org.testng.Assert.fail(Assert.java:99)
at org.testng.Assert.failNotEquals(Assert.java:1037)
at org.testng.Assert.assertTrue(Assert.java:45)
at org.testng.Assert.assertTrue(Assert.java:55)
at com.spotify.testscripts.Tc_SpotifyPremium.Soptify(Tc_SpotifyPremium.java:29)
at sun.reflect.NativeMethodAccessorImpl.invoke0(Native Method)
at sun.reflect.NativeMethodAccessorImpl.invoke(NativeMethodAccessorImpl.java:62)
at sun.reflect.DelegatingMethodAccessorImpl.invoke(DelegatingMethodAccessorImpl.java:43)
at java.lang.reflect.Method.invoke(Method.java:498)
at org.testng.internal.MethodInvocationHelper.invokeMethod(MethodInvocationHelper.java:133)
at org.testng.internal.TestInvoker.invokeMethod(TestInvoker.java:598)
at org.testng.internal.TestInvoker.invokeTestMethod(TestInvoker.java:173)
at org.testng.internal.MethodRunner.runInSequence(MethodRunner.java:46)
at org.testng.internal.TestInvoker$MethodInvocationAgent.invoke(TestInvoker.java:824)
at org.testng.internal.TestInvoker.invokeTestMethods(TestInvoker.java:146)
at org.testng.internal.TestMethodWorker.invokeTestMethods(TestMethodWorker.java:146)
at org.testng.internal.TestMethodWorker.run(TestMethodWorker.java:128)
at java.util.ArrayList.forEach(ArrayList.java:1259)
at org.testng.TestRunner.privateRun(TestRunner.java:794)
at org.testng.TestRunner.run(TestRunner.java:596)
at org.testng.SuiteRunner.runTest(SuiteRunner.java:377)
at org.testng.SuiteRunner.runSequentially(SuiteRunner.java:371)
at org.testng.SuiteRunner.privateRun(SuiteRunner.java:332)
at org.testng.SuiteRunner.run(SuiteRunner.java:276)
at org.testng.SuiteRunnerWorker.runSuite(SuiteRunnerWorker.java:53)
at org.testng.SuiteRunnerWorker.run(SuiteRunnerWorker.java:96)
at org.testng.TestNG.runSuitesSequentially(TestNG.java:1212)
at org.testng.TestNG.runSuitesLocally(TestNG.java:1134)
at org.testng.TestNG.runSuites(TestNG.java:1063)
at org.testng.TestNG.run(TestNG.java:1031)
at org.apache.maven.surefire.testng.TestNGExecutor.run(TestNGExecutor.java:283)
at org.apache.maven.surefire.testng.TestNGXmlTestSuite.execute(TestNGXmlTestSuite.java:75)
at org.apache.maven.surefire.testng.TestNGProvider.invoke(TestNGProvider.java:120)
at org.apache.maven.surefire.booter.ForkedBooter.invokeProviderInSameClassLoader(ForkedBooter.java:384)
at org.apache.maven.surefire.booter.ForkedBooter.runSuitesInProcess(ForkedBooter.java:345)
at org.apache.maven.surefire.booter.ForkedBooter.execute(ForkedBooter.java:126)
at org.apache.maven.surefire.booter.ForkedBooter.main(ForkedBooter.java:418)
]]>
            </full-stacktrace>
          </exception> <!-- java.lang.AssertionError -->
          <reporter-output>
          </reporter-output>
        </test-method> <!-- Soptify -->
        <test-method status="PASS" signature="TearDown()[pri:0, instance:com.spotify.testscripts.Tc_SpotifyPremium@1d16f93d]" name="TearDown" is-config="true" duration-ms="882" started-at="2021-05-03T21:30:19 IST" finished-at="2021-05-03T21:30:20 IST">
          <reporter-output>
          </reporter-output>
        </test-method> <!-- TearDown -->
        <test-method status="PASS" signature="Setup(java.lang.String,java.lang.String)[pri:0, instance:com.spotify.testscripts.Tc_SpotifyPremium@1d16f93d]" name="Setup" is-config="true" duration-ms="9708" started-at="2021-05-03T21:30:20 IST" finished-at="2021-05-03T21:30:30 IST">
          <params>
            <param index="0">
              <value>
                <![CDATA[edge]]>
              </value>
            </param>
            <param index="1">
              <value>
                <![CDATA[https://www.spotify.com]]>
              </value>
            </param>
          </params>
          <reporter-output>
          </reporter-output>
        </test-method> <!-- Setup -->
        <test-method status="FAIL" signature="Soptify(java.lang.String,java.lang.String,java.lang.String,java.lang.String,java.lang.String)[pri:0, instance:com.spotify.testscripts.Tc_SpotifyPremium@1d16f93d]" name="Soptify" duration-ms="10764" started-at="2021-05-03T21:30:30 IST" data-provider="getData" finished-at="2021-05-03T21:30:40 IST">
          <params>
            <param index="0">
              <value>
                <![CDATA[Sabareeshkaveri@gmail.com]]>
              </value>
            </param>
            <param index="1">
              <value>
                <![CDATA[Ammulu.146]]>
              </value>
            </param>
            <param index="2">
              <value>
                <![CDATA[mini]]>
              </value>
            </param>
            <param index="3">
              <value>
                <![CDATA[day]]>
              </value>
            </param>
            <param index="4">
              <value>
                <![CDATA[paytm]]>
              </value>
            </param>
          </params>
          <exception class="java.lang.AssertionError">
            <message>
              <![CDATA[expected [true] but found [false]]]>
            </message>
            <full-stacktrace>
              <![CDATA[java.lang.AssertionError: expected [true] but found [false]
at org.testng.Assert.fail(Assert.java:99)
at org.testng.Assert.failNotEquals(Assert.java:1037)
at org.testng.Assert.assertTrue(Assert.java:45)
at org.testng.Assert.assertTrue(Assert.java:55)
at com.spotify.testscripts.Tc_SpotifyPremium.Soptify(Tc_SpotifyPremium.java:29)
at sun.reflect.NativeMethodAccessorImpl.invoke0(Native Method)
at sun.reflect.NativeMethodAccessorImpl.invoke(NativeMethodAccessorImpl.java:62)
at sun.reflect.DelegatingMethodAccessorImpl.invoke(DelegatingMethodAccessorImpl.java:43)
at java.lang.reflect.Method.invoke(Method.java:498)
at org.testng.internal.MethodInvocationHelper.invokeMethod(MethodInvocationHelper.java:133)
at org.testng.internal.TestInvoker.invokeMethod(TestInvoker.java:598)
at org.testng.internal.TestInvoker.invokeTestMethod(TestInvoker.java:173)
at org.testng.internal.MethodRunner.runInSequence(MethodRunner.java:46)
at org.testng.internal.TestInvoker$MethodInvocationAgent.invoke(TestInvoker.java:824)
at org.testng.internal.TestInvoker.invokeTestMethods(TestInvoker.java:146)
at org.testng.internal.TestMethodWorker.invokeTestMethods(TestMethodWorker.java:146)
at org.testng.internal.TestMethodWorker.run(TestMethodWorker.java:128)
at java.util.ArrayList.forEach(ArrayList.java:1259)
at org.testng.TestRunner.privateRun(TestRunner.java:794)
at org.testng.TestRunner.run(TestRunner.java:596)
at org.testng.SuiteRunner.runTest(SuiteRunner.java:377)
at org.testng.SuiteRunner.runSequentially(SuiteRunner.java:371)
at org.testng.SuiteRunner.privateRun(SuiteRunner.java:332)
at org.testng.SuiteRunner.run(SuiteRunner.java:276)
at org.testng.SuiteRunnerWorker.runSuite(SuiteRunnerWorker.java:53)
at org.testng.SuiteRunnerWorker.run(SuiteRunnerWorker.java:96)
at org.testng.TestNG.runSuitesSequentially(TestNG.java:1212)
at org.testng.TestNG.runSuitesLocally(TestNG.java:1134)
at org.testng.TestNG.runSuites(TestNG.java:1063)
at org.testng.TestNG.run(TestNG.java:1031)
at org.apache.maven.surefire.testng.TestNGExecutor.run(TestNGExecutor.java:283)
at org.apache.maven.surefire.testng.TestNGXmlTestSuite.execute(TestNGXmlTestSuite.java:75)
at org.apache.maven.surefire.testng.TestNGProvider.invoke(TestNGProvider.java:120)
at org.apache.maven.surefire.booter.ForkedBooter.invokeProviderInSameClassLoader(ForkedBooter.java:384)
at org.apache.maven.surefire.booter.ForkedBooter.runSuitesInProcess(ForkedBooter.java:345)
at org.apache.maven.surefire.booter.ForkedBooter.execute(ForkedBooter.java:126)
at org.apache.maven.surefire.booter.ForkedBooter.main(ForkedBooter.java:418)
]]>
            </full-stacktrace>
          </exception> <!-- java.lang.AssertionError -->
          <reporter-output>
          </reporter-output>
        </test-method> <!-- Soptify -->
        <test-method status="PASS" signature="TearDown()[pri:0, instance:com.spotify.testscripts.Tc_SpotifyPremium@1d16f93d]" name="TearDown" is-config="true" duration-ms="704" started-at="2021-05-03T21:30:40 IST" finished-at="2021-05-03T21:30:41 IST">
          <reporter-output>
          </reporter-output>
        </test-method> <!-- TearDown -->
      </class> <!-- com.spotify.testscripts.Tc_SpotifyPremium -->
    </test> <!-- Test -->
  </suite> <!-- Suite -->
</testng-results>
