<?xml version="1.0" encoding="UTF-8"?>
<!-- Generated by org.testng.reporters.JUnitReportReporter -->
<testsuite hostname="Kaveri-sabareesh" failures="0" tests="1" name="com.spotify.testscripts.TC_spotifySelectPayment03" time="0.001" errors="1" timestamp="2021-05-02T16:04:19 IST" skipped="0">
  <testcase classname="com.spotify.testscripts.TC_spotifySelectPayment03" name="SelectPayment" time="0.001">
    <error message="Cannot invoke &quot;com.spotify.testscripts.SpotifyPages.getMonth3()&quot; because &quot;this.spotify&quot; is null" type="java.lang.NullPointerException">
      <![CDATA[java.lang.NullPointerException: Cannot invoke "com.spotify.testscripts.SpotifyPages.getMonth3()" because "this.spotify" is null
at com.spotify.testscripts.TC_spotifySelectPayment03.SelectPayment(TC_spotifySelectPayment03.java:54)
at java.base/jdk.internal.reflect.NativeMethodAccessorImpl.invoke0(Native Method)
at java.base/jdk.internal.reflect.NativeMethodAccessorImpl.invoke(NativeMethodAccessorImpl.java:64)
at java.base/jdk.internal.reflect.DelegatingMethodAccessorImpl.invoke(DelegatingMethodAccessorImpl.java:43)
at java.base/java.lang.reflect.Method.invoke(Method.java:564)
at org.testng.internal.MethodInvocationHelper.invokeMethod(MethodInvocationHelper.java:132)
at org.testng.internal.TestInvoker.invokeMethod(TestInvoker.java:599)
at org.testng.internal.TestInvoker.invokeTestMethod(TestInvoker.java:174)
at org.testng.internal.MethodRunner.runInSequence(MethodRunner.java:46)
at org.testng.internal.TestInvoker$MethodInvocationAgent.invoke(TestInvoker.java:822)
at org.testng.internal.TestInvoker.invokeTestMethods(TestInvoker.java:147)
at org.testng.internal.TestMethodWorker.invokeTestMethods(TestMethodWorker.java:146)
at org.testng.internal.TestMethodWorker.run(TestMethodWorker.java:128)
at java.base/java.util.concurrent.ThreadPoolExecutor.runWorker(ThreadPoolExecutor.java:1130)
at java.base/java.util.concurrent.ThreadPoolExecutor$Worker.run(ThreadPoolExecutor.java:630)
at java.base/java.lang.Thread.run(Thread.java:832)
]]>
    </error>
  </testcase> <!-- SelectPayment -->
  <system-out/>
</testsuite> <!-- com.spotify.testscripts.TC_spotifySelectPayment03 -->
